âœ… zkVM service running on http://localhost:4000
âš¡ PHASE 1: Creating instant session...
ğŸ”‘ Native Dilithium generation + verification...
ğŸ”‘ TRUE native key generation + signing (NO zkVM)...
âš¡ TRUE native operations completed in 42ms
ğŸ” TRUE native Dilithium verification (NO zkVM)...
âš¡ TRUE native verification completed in 18ms
âœ… Native Dilithium completed in 42ms
ğŸŒ³ Merkle root created: 600aebe9797153b4...
âš¡ Session immediately valid via native Dilithium verification
âš¡ INSTANT session created in 66ms!
ğŸ” Starting background operations...
ğŸ” Background operations starting for root: 600aebe9797153b4...
ğŸš€ Storing session root on-chain (background)...
ğŸš€ Session root submitted to chain: 0xac772ca477fdc232f0d56cf5072e9789cbbe1a04d935d9bd9da031240fce5eb1
âœ… Session root confirmed on-chain in 11684ms
ğŸš€ Starting REAL zkVM proof generation...
âš¡ PHASE 1: Creating instant session...
ğŸ”‘ Native Dilithium generation + verification...
ğŸ”‘ TRUE native key generation + signing (NO zkVM)...
âš¡ TRUE native operations completed in 40ms
ğŸ” TRUE native Dilithium verification (NO zkVM)...
âš¡ TRUE native verification completed in 7ms
âœ… Native Dilithium completed in 40ms
ğŸŒ³ Merkle root created: 204c923b915236f7...
âš¡ Session immediately valid via native Dilithium verification
âš¡ INSTANT session created in 53ms!
ğŸ” Starting background operations...
ğŸ” Background operations starting for root: 204c923b915236f7...
ğŸš€ Storing session root on-chain (background)...
ğŸš€ Session root submitted to chain: 0x1fd507cbac6923dd486119d1267e88c65829c93453109bf1242e1d15d55de244
âš¡ PHASE 1: Validating transaction with inclusion proof...
ğŸ” Phase 1 validation: 0xA50E9444eE54d80416371CB925e91Fa869E2eA4e â†’ 0x19655a0a86fF392a13ce2b6c70c9D8C912883B71 (0.0001 ETH)
ğŸŒ³ Using Merkle root: 204c923b915236f7...
âœ… Phase 1 validation SUCCESS (audit: pending)
âŒ zkVM proof failed in 147371ms: 
thread 'main' panicked at host/src/main.rs:159:69:
called `Result::unwrap()` on an `Err` value: rx len failed

Caused by:
    failed to fill whole buffer
note: run with `RUST_BACKTRACE=1` environment variable to display a backtrace

âš¡ PHASE 1: Creating instant session...
ğŸ”‘ Native Dilithium generation + verification...
ğŸ”‘ TRUE native key generation + signing (NO zkVM)...
âš¡ TRUE native operations completed in 8ms
ğŸ” TRUE native Dilithium verification (NO zkVM)...
âš¡ TRUE native verification completed in 3ms
âœ… Native Dilithium completed in 8ms
ğŸŒ³ Merkle root created: c86cb701e8fb9ab4...
âš¡ Session immediately valid via native Dilithium verification
âš¡ INSTANT session created in 12ms!
ğŸ” Starting background operations...
ğŸ” Background operations starting for root: c86cb701e8fb9ab4...
ğŸš€ Storing session root on-chain (background)...
ğŸš€ Session root submitted to chain: 0x2a0211c348ae41e2f52a6309a9cdef538c346cde6384f2987611dd3245a9ffc2
âœ… Session root confirmed on-chain in 32595ms
ğŸš€ Starting REAL zkVM proof generation...
âš¡ PHASE 1: Validating transaction with inclusion proof...
ğŸ” Phase 1 validation: 0xtest â†’ 0x123 (0.001 ETH)
ğŸŒ³ Using Merkle root: c86cb701e8fb9ab4...
âœ… Phase 1 validation SUCCESS (audit: pending)
âš¡ PHASE 1: Creating instant session...
ğŸ”‘ Native Dilithium generation + verification...
ğŸ”‘ TRUE native key generation + signing (NO zkVM)...
âš¡ TRUE native operations completed in 15ms
ğŸ” TRUE native Dilithium verification (NO zkVM)...
âš¡ TRUE native verification completed in 9ms
âœ… Native Dilithium completed in 15ms
ğŸŒ³ Merkle root created: a2bd7eff8a1049bd...
âš¡ Session immediately valid via native Dilithium verification
âš¡ INSTANT session created in 25ms!
ğŸ” Starting background operations...
ğŸ” Background operations starting for root: a2bd7eff8a1049bd...
ğŸš€ Storing session root on-chain (background)...
ğŸš€ Session root submitted to chain: 0xb33271e1224bdb5630582b490ac478668753585e41214ff2d4668a32dc8a6a21
âœ… Session root confirmed on-chain in 10971ms
ğŸš€ Starting REAL zkVM proof generation...
âŒ zkVM proof failed in 325661ms: 
thread 'main' panicked at host/src/main.rs:159:69:
called `Result::unwrap()` on an `Err` value: rx len failed

Caused by:
    failed to fill whole buffer
note: run with `RUST_BACKTRACE=1` environment variable to display a backtrace

